<?xml version="1.0" encoding="UTF-8"?>
<testng-results ignored="0" total="2" passed="2" failed="0" skipped="0">
  <reporter-output>
  </reporter-output>
  <suite started-at="2024-12-29T12:57:31 AST" name="Test Maven Suite" finished-at="2024-12-29T12:57:31 AST" duration-ms="38">
    <groups>
    </groups>
    <test started-at="2024-12-29T12:57:31 AST" name="Test Maven Testing" finished-at="2024-12-29T12:57:31 AST" duration-ms="38">
      <class name="com.qa.tests.HomeTest">
        <test-method signature="home()[pri:0, instance:com.qa.tests.HomeTest@79ad8b2f]" started-at="2024-12-29T12:57:31 AST" name="home" finished-at="2024-12-29T12:57:31 AST" duration-ms="16" status="PASS">
          <reporter-output>
          </reporter-output>
        </test-method> <!-- home -->
      </class> <!-- com.qa.tests.HomeTest -->
      <class name="com.qa.tests.LoginTest">
        <test-method signature="login()[pri:0, instance:com.qa.tests.LoginTest@6293abcc]" started-at="2024-12-29T12:57:31 AST" name="login" finished-at="2024-12-29T12:57:31 AST" duration-ms="0" status="PASS">
          <reporter-output>
          </reporter-output>
        </test-method> <!-- login -->
      </class> <!-- com.qa.tests.LoginTest -->
    </test> <!-- Test Maven Testing -->
  </suite> <!-- Test Maven Suite -->
</testng-results>
